<beans xmlns="http://www.springframework.org/schema/beans"
       xmlns:xsi="http://www.w3.org/2001/XMLSchema-instance"
       xmlns:context="http://www.springframework.org/schema/context"
       xsi:schemaLocation="http://www.springframework.org/schema/beans
	http://www.springframework.org/schema/beans/spring-beans.xsd
	http://www.springframework.org/schema/context
	http://www.springframework.org/schema/context/spring-context.xsd">

    <context:component-scan base-package="com.m91snik.lesson13.spring.test"/>


    <bean id="sharedQueue" class="com.m91snik.lesson13.SharedQueue"
            scope="prototype"
            >
    </bean>

    <bean id="processor" class="com.m91snik.lesson13.spring.stub.AssertionProcessor">
    </bean>

    <bean id="consumer" class="com.m91snik.lesson13.consumer.BaseConsumer">
        <constructor-arg index="0" ref="sharedQueue"/>
        <constructor-arg index="1" ref="processor"/>
    </bean>

    <bean id="producer" class="com.m91snik.lesson13.producer.BaseProducer">
        <constructor-arg index="0" ref="sharedQueue"/>
        <constructor-arg index="1" ref="generator"/>

    </bean>

    <bean id="generator" class="com.m91snik.lesson13.spring.stub.StubStringMessageGenerator">
    </bean>

    <bean id="messageSystem" class="com.m91snik.lesson13.spring.xml.StringMessageSystem">
        <constructor-arg index="0" ref="consumer"/>
        <constructor-arg index="1" ref="producer"/>
    </bean>


</beans>
